\BOOKMARK [1][-]{section.1}{\376\377\000I\000n\000t\000r\000o\000d\000u\000c\000c\000i\000\363\000n}{}% 1
\BOOKMARK [2][-]{subsection.1.1}{\376\377\000Q\000u\000e\000\040\000e\000s\000\040\000H\000D\000N\000U\000M}{section.1}% 2
\BOOKMARK [2][-]{subsection.1.2}{\376\377\000I\000n\000s\000t\000a\000l\000a\000c\000i\000\363\000n}{section.1}% 3
\BOOKMARK [1][-]{section.2}{\376\377\000A\000l\000g\000e\000b\000r\000a\000\040\000L\000i\000n\000e\000a\000l}{}% 4
\BOOKMARK [2][-]{subsection.2.1}{\376\377\000V\000e\000c\000t\000o\000r\000e\000s}{section.2}% 5
\BOOKMARK [2][-]{subsection.2.2}{\376\377\000M\000a\000t\000r\000i\000c\000e\000s}{section.2}% 6
\BOOKMARK [2][-]{subsection.2.3}{\376\377\000L\000R\000\040\000D\000e\000s\000m\000o\000n\000t\000a\000j\000e}{section.2}% 7
\BOOKMARK [3][-]{subsubsection.2.3.1}{\376\377\000B\000r\000e\000v\000e\000\040\000e\000x\000p\000l\000i\000c\000a\000c\000i\000\363\000n\000\040\000d\000e\000l\000\040\000a\000l\000g\000o\000r\000i\000t\000m\000o}{subsection.2.3}% 8
\BOOKMARK [3][-]{subsubsection.2.3.2}{\376\377\000L\000R\000\040\000C\000o\000m\000o\000\040\000h\000a\000c\000e\000r\000\040\000e\000l\000\040\000d\000e\000s\000m\000o\000n\000t\000a\000j\000e}{subsection.2.3}% 9
\BOOKMARK [2][-]{subsection.2.4}{\376\377\000E\000x\000p\000l\000i\000c\000a\000c\000i\000o\000n\000e\000s\000\040\000d\000e\000t\000a\000l\000l\000a\000d\000a\000s\000\040\000d\000e\000l\000\040\000a\000l\000g\000o\000r\000i\000t\000m\000o\000\040\000l\000r\000.\000h\000h}{section.2}% 10
\BOOKMARK [2][-]{subsection.2.5}{\376\377\000I\000t\000e\000r\000a\000t\000i\000o\000n\000s\000v\000e\000r\000f\000a\000h\000r\000e\000n\000\040\000-\000\040\000d\000i\000e\000\040\000D\000a\000t\000e\000i\000\040\000n\000e\000w\000t\000o\000n\000.\000h\000h}{section.2}% 11
\BOOKMARK [3][-]{subsubsection.2.5.1}{\376\377\000D\000i\000e\000\040\000K\000l\000a\000s\000s\000e\000\040\000S\000q\000u\000a\000r\000e\000R\000o\000o\000t\000P\000r\000o\000b\000l\000e\000m}{subsection.2.5}% 12
\BOOKMARK [3][-]{subsubsection.2.5.2}{\376\377\000D\000i\000e\000\040\000K\000l\000a\000s\000s\000e\000\040\000N\000e\000w\000t\000o\000n}{subsection.2.5}% 13
\BOOKMARK [3][-]{subsubsection.2.5.3}{\376\377\000A\000u\000s\000f\000\374\000h\000r\000l\000i\000c\000h\000e\000\040\000E\000r\000l\000\344\000u\000t\000e\000r\000u\000n\000g\000e\000n\000\040\000z\000u\000r\000\040\000K\000l\000a\000s\000s\000e\000\040\000N\000e\000w\000t\000o\000n}{subsection.2.5}% 14
\BOOKMARK [3][-]{subsubsection.2.5.4}{\376\377\000D\000i\000e\000\040\000K\000l\000a\000s\000s\000e\000\040\000B\000a\000n\000a\000c\000h}{subsection.2.5}% 15
\BOOKMARK [3][-]{subsubsection.2.5.5}{\376\377\000I\000m\000p\000l\000e\000m\000e\000n\000t\000i\000e\000r\000u\000n\000g}{subsection.2.5}% 16
\BOOKMARK [1][-]{section.3}{\376\377\000G\000e\000w\000\366\000h\000n\000l\000i\000c\000h\000e\000\040\000D\000i\000f\000f\000e\000r\000e\000n\000t\000i\000a\000l\000g\000l\000e\000i\000c\000h\000u\000n\000g\000e\000n}{}% 17
\BOOKMARK [2][-]{subsection.3.1}{\376\377\000D\000a\000s\000\040\000P\000a\000r\000a\000d\000e\000b\000e\000i\000s\000p\000i\000e\000l\000\040\000f\000\374\000r\000\040\000e\000i\000n\000e\000\040\000D\000G\000L\000\040\000i\000n\000\040\000H\000D\000N\000U\000M\000\040\000-\000\040\000m\000o\000d\000e\000l\000p\000r\000o\000b\000l\000e\000m\000.\000h\000h}{section.3}% 18
\BOOKMARK [2][-]{subsection.3.2}{\376\377\000A\000n\000w\000e\000n\000d\000u\000n\000g\000s\000b\000e\000i\000s\000p\000i\000e\000l\000\040\000f\000\374\000r\000\040\000m\000o\000d\000e\000l\000p\000r\000o\000b\000l\000e\000m\000.\000h\000h}{section.3}% 19
\BOOKMARK [2][-]{subsection.3.3}{\376\377\000D\000e\000r\000\040\000S\000o\000l\000v\000e\000r\000\040\000l\000\366\000s\000t\000\040\000d\000i\000e\000\040\000D\000G\000L\000\040\000-\000\040\000m\000o\000d\000e\000l\000p\000r\000o\000b\000l\000e\000m\000.\000c\000c}{section.3}% 20
\BOOKMARK [2][-]{subsection.3.4}{\376\377\000W\000a\000s\000\040\000m\000u\000s\000s\000\040\000e\000i\000n\000\040\000S\000o\000l\000v\000e\000r\000\040\000k\000\366\000n\000n\000e\000n\000?\000\040\000-\000\040\000e\000x\000p\000l\000i\000c\000i\000t\000e\000u\000l\000e\000r\000.\000h\000h}{section.3}% 21
\BOOKMARK [2][-]{subsection.3.5}{\376\377\000E\000i\000n\000s\000c\000h\000u\000b\000:\000\040\000G\000n\000u\000p\000l\000o\000t\000\040\000i\000n\000\040\000o\000d\000e\000.\000h\000h}{section.3}% 22
\BOOKMARK [2][-]{subsection.3.6}{\376\377\000E\000i\000n\000s\000c\000h\000r\000i\000t\000t\000v\000e\000r\000f\000a\000h\000r\000e\000n\000\040\000-\000\040\000o\000d\000e\000.\000h\000h}{section.3}% 23
\BOOKMARK [3][-]{subsubsection.3.6.1}{\376\377\000D\000i\000e\000\040\000V\000e\000r\000f\000a\000h\000r\000e\000n\000\040\000i\000n\000\040\000o\000d\000e\000.\000h\000h}{subsection.3.6}% 24
\BOOKMARK [2][-]{subsection.3.7}{\376\377\000D\000a\000s\000\040\000a\000l\000l\000g\000e\000m\000e\000i\000n\000e\000\040\000R\000u\000n\000g\000e\000-\000K\000u\000t\000t\000a\000-\000V\000e\000r\000f\000a\000h\000r\000e\000n\000\040\000-\000\040\000R\000u\000n\000g\000e\000K\000u\000t\000t\000a}{section.3}% 25
\BOOKMARK [3][-]{subsubsection.3.7.1}{\376\377\000B\000e\000d\000i\000e\000n\000u\000n\000g\000\040\000d\000e\000r\000\040\000K\000l\000a\000s\000s\000e\000\040\000R\000u\000n\000g\000e\000K\000u\000t\000t\000a}{subsection.3.7}% 26
\BOOKMARK [3][-]{subsubsection.3.7.2}{\376\377\000K\000o\000n\000s\000i\000s\000t\000e\000n\000z\000o\000r\000d\000n\000u\000n\000g\000s\000t\000e\000s\000t\000s\000\040\000m\000i\000t\000\040\000v\000o\000i\000d\000\040\000o\000r\000d\000e\000r\000t\000e\000s\000t}{subsection.3.7}% 27
\BOOKMARK [2][-]{subsection.3.8}{\376\377\000A\000n\000w\000e\000n\000d\000u\000n\000g\000s\000b\000e\000i\000s\000p\000i\000e\000l\000e}{section.3}% 28
\BOOKMARK [3][-]{subsubsection.3.8.1}{\376\377\000H\000o\000d\000g\000k\000i\000n\000-\000H\000u\000x\000l\000e\000y\000-\000M\000o\000d\000e\000l\000l}{subsection.3.8}% 29
\BOOKMARK [3][-]{subsubsection.3.8.2}{\376\377\000n\000-\000b\000o\000d\000y\000\040\000P\000r\000o\000b\000l\000e\000m}{subsection.3.8}% 30
\BOOKMARK [2][-]{subsection.3.9}{\376\377\000V\000a\000n\000\040\000d\000e\000r\000\040\000P\000o\000l\000\040\000O\000s\000z\000i\000l\000l\000a\000t\000o\000r}{section.3}% 31
\BOOKMARK [1][-]{section*.19}{\376\377\000A\000p\000p\000e\000n\000d\000i\000c\000e\000s}{}% 32
\BOOKMARK [1][-]{appendix.1.Alph1}{\376\377\000A\000p\000\351\000n\000d\000i\000c\000e\000\040\000K\000l\000e\000i\000n\000e\000r\000\040\000P\000r\000o\000g\000r\000a\000m\000m\000i\000e\000r\000k\000u\000r\000s}{}% 33
\BOOKMARK [1][-]{appendix.1.Alph2}{\376\377\000A\000p\000\351\000n\000d\000i\000c\000e\000\040\000U\000n\000i\000x\000\040\000K\000o\000m\000m\000a\000n\000d\000o\000s}{}% 34
